2021-06-15 13:45:19,792 [Worker-5: Loading available Gradle versions] INFO  o.e.b.c.i.u.g.PublishedGradleVersions - Gradle version information cache is up-to-date. Trying to read.
2021-06-15 16:00:27,693 [Worker-10: Import Getting Started Content] INFO  o.e.m.c.i.l.LifecycleMappingFactory - Using org.maven.ide.eclipse.wtp.WarLifecycleMapping lifecycle mapping for MavenProject: com.example.demo:GettingFamiliarwithRouting:0.0.1-SNAPSHOT @ C:\Users\mohan\OneDrive\Desktop\programs\FILES\Java\Java\JavaSpring\GettingFamiliarwithRouting\pom.xml.
2021-06-15 16:00:29,243 [Worker-10: Import Getting Started Content] INFO  o.e.m.j.i.AbstractJavaProjectConfigurator - Adding source folder /GettingFamiliarwithRouting/src/main/java
2021-06-15 16:00:29,244 [Worker-10: Import Getting Started Content] INFO  o.e.m.j.i.AbstractJavaProjectConfigurator - Adding resource folder /GettingFamiliarwithRouting/src/main/resources
2021-06-15 16:00:29,252 [Worker-10: Import Getting Started Content] INFO  o.e.m.j.i.AbstractJavaProjectConfigurator - Adding resource folder /GettingFamiliarwithRouting/src/main/resources
2021-06-15 16:00:29,265 [Worker-10: Import Getting Started Content] INFO  o.e.m.j.i.AbstractJavaProjectConfigurator - Adding source folder /GettingFamiliarwithRouting/src/test/java
2021-06-15 16:00:31,997 [Worker-10: Import Getting Started Content] INFO  o.e.m.c.i.p.ProjectConfigurationManager - Imported and configured 1 project(s) in 6 sec
2021-06-15 16:00:32,002 [Worker-10: Import Getting Started Content] INFO  o.e.m.c.i.p.ProjectConfigurationManager - Update started
2021-06-15 16:00:32,854 [Worker-10: Import Getting Started Content] INFO  o.e.m.c.i.l.LifecycleMappingFactory - Using org.maven.ide.eclipse.wtp.WarLifecycleMapping lifecycle mapping for MavenProject: com.example.demo:GettingFamiliarwithRouting:0.0.1-SNAPSHOT @ C:\Users\mohan\OneDrive\Desktop\programs\FILES\Java\Java\JavaSpring\GettingFamiliarwithRouting\pom.xml.
2021-06-15 16:00:34,135 [Worker-10: Import Getting Started Content] INFO  o.e.m.j.i.AbstractJavaProjectConfigurator - Adding source folder /GettingFamiliarwithRouting/src/main/java
2021-06-15 16:00:34,136 [Worker-10: Import Getting Started Content] INFO  o.e.m.j.i.AbstractJavaProjectConfigurator - Adding resource folder /GettingFamiliarwithRouting/src/main/resources
2021-06-15 16:00:34,140 [Worker-10: Import Getting Started Content] INFO  o.e.m.j.i.AbstractJavaProjectConfigurator - Adding resource folder /GettingFamiliarwithRouting/src/main/resources
2021-06-15 16:00:34,151 [Worker-10: Import Getting Started Content] INFO  o.e.m.j.i.AbstractJavaProjectConfigurator - Adding source folder /GettingFamiliarwithRouting/src/test/java
2021-06-15 16:00:34,916 [Worker-10: Import Getting Started Content] INFO  o.e.m.w.i.f.ResourceFilteringBuildParticipant - Cleaning filtered folder for GettingFamiliarwithRouting
2021-06-15 16:00:34,924 [Worker-10: Import Getting Started Content] INFO  o.e.m.c.i.p.ProjectConfigurationManager - Update completed: 2 sec
2021-06-15 16:00:35,857 [Worker-11: Building] INFO  o.e.m.c.i.embedder.EclipseLogger - Using 'UTF-8' encoding to copy filtered resources.
2021-06-15 16:00:35,858 [Worker-11: Building] INFO  o.e.m.c.i.embedder.EclipseLogger - Using 'UTF-8' encoding to copy filtered properties files.
2021-06-15 16:00:35,862 [Worker-11: Building] INFO  o.e.m.c.i.embedder.EclipseLogger - Copying 1 resource
2021-06-15 16:00:35,879 [Worker-11: Building] INFO  o.e.m.c.i.embedder.EclipseLogger - Copying 0 resource
2021-06-15 16:00:35,882 [Worker-11: Building] INFO  o.e.m.c.i.embedder.EclipseLogger - Using 'UTF-8' encoding to copy filtered resources.
2021-06-15 16:00:35,883 [Worker-11: Building] INFO  o.e.m.c.i.embedder.EclipseLogger - Using 'UTF-8' encoding to copy filtered properties files.
2021-06-15 16:00:35,883 [Worker-11: Building] INFO  o.e.m.c.i.embedder.EclipseLogger - skip non existing resourceDirectory C:\Users\mohan\OneDrive\Desktop\programs\FILES\Java\Java\JavaSpring\GettingFamiliarwithRouting\src\test\resources
2021-06-15 16:00:35,884 [Worker-11: Building] INFO  o.e.m.w.i.f.ResourceFilteringBuildParticipant - Changed resources require a complete clean of filtered resources of GettingFamiliarwithRouting
